<?xml version="1.0" encoding="UTF-8"?>
<!-- Generated by org.testng.reporters.JUnitReportReporter -->
<testsuite hostname="jkhk-PC" name="tests.UploadAndDownloadTest" tests="1" failures="0" timestamp="2 Sep 2017 12:23:12 GMT" time="27.942" errors="0">
  <testcase name="uploadFilerBu" time="27.942" classname="tests.UploadAndDownloadTest"/>
</testsuite> <!-- tests.UploadAndDownloadTest -->
