<?xml version="1.0" encoding="UTF-8"?>
<!-- Generated by org.testng.reporters.JUnitReportReporter -->
<testsuite hostname="jkhk-PC" name="tests.UploadTest" tests="1" failures="0" timestamp="25 Sep 2017 11:31:04 GMT" time="49.276" errors="0">
  <testcase name="uploadFileByUploadBtnAtFeedActivity" time="49.276" classname="tests.UploadTest"/>
</testsuite> <!-- tests.UploadTest -->
